[W 13:19:22.594 LabApp] All authentication is disabled.  Anyone who can connect to this server will be able to run code.
[I 13:19:22.638 LabApp] JupyterLab extension loaded from /usr/lib64/python3.5/site-packages/jupyterlab
[I 13:19:22.639 LabApp] JupyterLab application directory is /usr/share/jupyter/lab
[W 13:19:22.641 LabApp] JupyterLab server extension not enabled, manually loading...
[I 13:19:22.667 LabApp] JupyterLab extension loaded from /usr/lib64/python3.5/site-packages/jupyterlab
[I 13:19:22.668 LabApp] JupyterLab application directory is /usr/share/jupyter/lab
[I 13:19:22.669 LabApp] Serving notebooks from local directory: /folders/myfolders
[I 13:19:22.669 LabApp] The Jupyter Notebook is running at:
[I 13:19:22.670 LabApp] http://(localhost.localdomain or 127.0.0.1):8890/jupyter/
[I 13:19:22.671 LabApp] Use Control-C to stop this server and shut down all kernels (twice to skip confirmation).
[I 13:30:28.271 LabApp] 302 GET /jupyter/ (127.0.0.1) 3.69ms
[I 13:32:39.999 LabApp] 302 GET /jupyter/ (127.0.0.1) 7.29ms
[I 13:32:45.291 LabApp] Node v8.9.4
    
[I 13:32:45.370 LabApp] Build is up to date
[I 13:32:48.402 LabApp] Kernel started: f491bc68-6109-4f0c-9755-189925ec74bd
[I 13:32:51.104 LabApp] Adapting to protocol v5.1 for kernel f491bc68-6109-4f0c-9755-189925ec74bd
[I 13:32:51.136 LabApp] Adapting to protocol v5.1 for kernel f491bc68-6109-4f0c-9755-189925ec74bd
[I 13:33:28.295 LabApp] Creating new notebook in /
[I 13:33:28.346 LabApp] Writing notebook-signing key to /media/sf_myfolders/.local/share/jupyter/notebook_secret
[I 13:33:28.684 LabApp] Kernel started: 4091cbea-0a92-4140-8ece-d7be14293959
[I 13:33:31.381 LabApp] Adapting to protocol v5.1 for kernel 4091cbea-0a92-4140-8ece-d7be14293959
[I 13:34:02.800 LabApp] Saving file at /Untitled.ipynb
[I 13:36:03.039 LabApp] Saving file at /sas_notebook.ipynb
[I 13:36:19.113 LabApp] Creating new notebook in /
[I 13:36:19.345 LabApp] Kernel started: 6f290c31-748d-46ad-a62a-4beae4444c50
[I 13:36:20.535 LabApp] Adapting to protocol v5.1 for kernel 6f290c31-748d-46ad-a62a-4beae4444c50
[I 13:36:20.560 LabApp] Adapting to protocol v5.1 for kernel 6f290c31-748d-46ad-a62a-4beae4444c50
[I 13:37:49.149 LabApp] Saving file at /Untitled.ipynb
[I 13:37:53.758 LabApp] Saving file at /Untitled.ipynb
[I 13:38:01.383 LabApp] Creating new notebook in /sasuser.v94
[I 13:38:01.925 LabApp] Kernel started: 36a88c82-87ab-4a5d-abe0-ecd795afd689
[I 13:38:03.018 LabApp] Adapting to protocol v5.1 for kernel 36a88c82-87ab-4a5d-abe0-ecd795afd689
[I 13:39:36.448 LabApp] Saving file at /sasuser.v94/Untitled.ipynb
[I 13:40:59.939 LabApp] Creating new directory in /sasuser.v94
[I 13:41:17.161 LabApp] Copying sasuser.v94/sas7bdat/datasave/sales_save.sas7bdat to /sasuser.v94/data
[I 13:41:37.019 LabApp] Saving file at /sasuser.v94/Python_SAS_sas7bdat_dataframe.ipynb
[I 13:42:53.785 LabApp] Saving file at /sasuser.v94/Python_SAS_sas7bdat_dataframe.ipynb
[I 13:48:42.265 LabApp] Kernel started: cd387abc-5dd5-429d-a40d-985bc41854f2
[I 13:48:44.612 LabApp] Adapting to protocol v5.1 for kernel cd387abc-5dd5-429d-a40d-985bc41854f2
[I 13:53:22.601 LabApp] Starting buffering for cd387abc-5dd5-429d-a40d-985bc41854f2:6377476b-5a89-4a85-b597-b9444a506976
[I 13:53:22.603 LabApp] Starting buffering for f491bc68-6109-4f0c-9755-189925ec74bd:2ec2f40f-a914-462e-bbd3-41a4397c4219
[I 13:53:22.606 LabApp] Starting buffering for 36a88c82-87ab-4a5d-abe0-ecd795afd689:b912dbf0-c8cb-451c-81fa-8af070438975
[I 13:53:22.608 LabApp] Starting buffering for 6f290c31-748d-46ad-a62a-4beae4444c50:167238a5-300c-45fb-a99d-8308d67e528a
[I 13:53:22.612 LabApp] Starting buffering for 4091cbea-0a92-4140-8ece-d7be14293959:a6e489f3-f917-4259-bd39-d7361d02d17d
