2021-01-18 06:36:12.868 -03 [7444] LOG:  starting PostgreSQL 13.1, compiled by Visual C++ build 1914, 64-bit
2021-01-18 06:36:12.875 -03 [7444] LOG:  listening on IPv6 address "::", port 5432
2021-01-18 06:36:12.877 -03 [7444] LOG:  listening on IPv4 address "0.0.0.0", port 5432
2021-01-18 06:36:13.013 -03 [7628] LOG:  database system was interrupted; last known up at 2021-01-17 15:26:52 -03
2021-01-18 06:36:14.037 -03 [7628] LOG:  database system was not properly shut down; automatic recovery in progress
2021-01-18 06:36:14.044 -03 [7628] LOG:  redo starts at 0/1610A50
2021-01-18 06:36:14.045 -03 [7628] LOG:  invalid record length at 0/1610B38: wanted 24, got 0
2021-01-18 06:36:14.046 -03 [7628] LOG:  redo done at 0/1610B00
2021-01-18 06:36:14.080 -03 [7444] LOG:  database system is ready to accept connections
2021-01-19 12:27:14.975 -03 [3392] WARNING:  worker took too long to start; canceled
2021-01-19 12:28:45.104 -03 [3392] WARNING:  worker took too long to start; canceled
2021-01-19 12:29:45.220 -03 [3392] WARNING:  worker took too long to start; canceled
2021-01-19 12:30:45.232 -03 [3392] WARNING:  worker took too long to start; canceled
2021-01-19 12:32:45.369 -03 [3392] WARNING:  worker took too long to start; canceled
2021-01-19 12:33:45.483 -03 [3392] WARNING:  worker took too long to start; canceled
2021-01-19 12:35:15.605 -03 [3392] WARNING:  worker took too long to start; canceled
2021-01-19 12:36:45.731 -03 [3392] WARNING:  worker took too long to start; canceled
2021-01-19 12:38:15.853 -03 [3392] WARNING:  worker took too long to start; canceled
2021-01-19 12:39:15.966 -03 [3392] WARNING:  worker took too long to start; canceled
2021-01-19 12:40:16.178 -03 [3392] WARNING:  worker took too long to start; canceled
2021-01-19 12:41:16.291 -03 [3392] WARNING:  worker took too long to start; canceled
2021-01-19 12:42:46.214 -03 [3392] WARNING:  worker took too long to start; canceled
2021-01-19 12:43:46.327 -03 [3392] WARNING:  worker took too long to start; canceled
2021-01-19 12:45:16.453 -03 [3392] WARNING:  worker took too long to start; canceled
2021-01-19 12:46:16.565 -03 [3392] WARNING:  worker took too long to start; canceled
2021-01-19 12:47:46.790 -03 [3392] WARNING:  worker took too long to start; canceled
2021-01-19 12:49:16.815 -03 [3392] WARNING:  worker took too long to start; canceled
2021-01-19 12:50:16.926 -03 [3392] WARNING:  worker took too long to start; canceled
2021-01-19 12:51:47.150 -03 [3392] WARNING:  worker took too long to start; canceled
2021-01-19 12:52:47.263 -03 [3392] WARNING:  worker took too long to start; canceled
2021-01-19 12:54:17.186 -03 [3392] WARNING:  worker took too long to start; canceled
2021-01-19 12:55:17.299 -03 [3392] WARNING:  worker took too long to start; canceled
2021-01-19 12:56:17.411 -03 [3392] WARNING:  worker took too long to start; canceled
2021-01-19 12:57:17.524 -03 [3392] WARNING:  worker took too long to start; canceled
2021-01-19 12:58:17.536 -03 [3392] WARNING:  worker took too long to start; canceled
2021-01-19 12:59:17.548 -03 [3392] WARNING:  worker took too long to start; canceled
2021-01-19 13:00:17.761 -03 [3392] WARNING:  worker took too long to start; canceled
2021-01-19 13:01:47.784 -03 [3392] WARNING:  worker took too long to start; canceled
2021-01-19 13:02:47.907 -03 [3392] WARNING:  worker took too long to start; canceled
2021-01-19 13:03:48.023 -03 [3392] WARNING:  worker took too long to start; canceled
2021-01-19 13:05:18.076 -03 [3392] WARNING:  worker took too long to start; canceled
2021-01-19 13:06:18.100 -03 [3392] WARNING:  worker took too long to start; canceled
2021-01-19 13:07:18.126 -03 [3392] WARNING:  worker took too long to start; canceled
2021-01-19 13:08:18.146 -03 [3392] WARNING:  worker took too long to start; canceled
2021-01-19 13:09:18.182 -03 [3392] WARNING:  worker took too long to start; canceled
2021-01-19 13:10:48.224 -03 [3392] WARNING:  worker took too long to start; canceled
2021-01-19 13:12:18.269 -03 [3392] WARNING:  worker took too long to start; canceled
2021-01-19 14:21:16.297 -03 [3392] WARNING:  worker took too long to start; canceled
2021-01-19 14:22:16.785 -03 [3392] WARNING:  worker took too long to start; canceled
2021-01-19 14:23:16.912 -03 [3392] WARNING:  worker took too long to start; canceled
2021-01-19 14:24:46.861 -03 [3392] WARNING:  worker took too long to start; canceled
2021-01-19 14:25:46.882 -03 [3392] WARNING:  worker took too long to start; canceled
2021-01-19 14:26:46.899 -03 [3392] WARNING:  worker took too long to start; canceled
2021-01-19 14:27:46.925 -03 [3392] WARNING:  worker took too long to start; canceled
2021-01-19 14:28:46.950 -03 [3392] WARNING:  worker took too long to start; canceled
2021-01-19 14:29:46.970 -03 [3392] WARNING:  worker took too long to start; canceled
2021-01-19 14:30:46.989 -03 [3392] WARNING:  worker took too long to start; canceled
2021-01-19 14:31:47.131 -03 [3392] WARNING:  worker took too long to start; canceled
2021-01-19 14:33:17.174 -03 [3392] WARNING:  worker took too long to start; canceled
2021-01-19 14:34:47.213 -03 [3392] WARNING:  worker took too long to start; canceled
2021-01-19 14:35:47.237 -03 [3392] WARNING:  worker took too long to start; canceled
2021-01-19 14:36:47.361 -03 [3392] WARNING:  worker took too long to start; canceled
2021-01-19 14:38:17.302 -03 [3392] WARNING:  worker took too long to start; canceled
2021-01-19 14:39:17.423 -03 [3392] WARNING:  worker took too long to start; canceled
2021-01-19 14:40:17.445 -03 [3392] WARNING:  worker took too long to start; canceled
2021-01-19 14:41:17.472 -03 [3392] WARNING:  worker took too long to start; canceled
2021-01-19 14:42:17.499 -03 [3392] WARNING:  worker took too long to start; canceled
2021-01-19 14:43:17.520 -03 [3392] WARNING:  worker took too long to start; canceled
2021-01-19 14:44:17.548 -03 [3392] WARNING:  worker took too long to start; canceled
2021-01-19 14:45:17.669 -03 [3392] WARNING:  worker took too long to start; canceled
2021-01-19 14:46:17.802 -03 [3392] WARNING:  worker took too long to start; canceled
2021-01-19 14:47:17.827 -03 [3392] WARNING:  worker took too long to start; canceled
2021-01-19 14:48:17.848 -03 [3392] WARNING:  worker took too long to start; canceled
2021-01-19 14:49:17.881 -03 [3392] WARNING:  worker took too long to start; canceled
2021-01-19 14:50:17.906 -03 [3392] WARNING:  worker took too long to start; canceled
2021-01-19 14:51:17.931 -03 [3392] WARNING:  worker took too long to start; canceled
2021-01-19 14:52:17.948 -03 [3392] WARNING:  worker took too long to start; canceled
2021-01-19 14:53:17.970 -03 [3392] WARNING:  worker took too long to start; canceled
2021-01-19 14:54:18.088 -03 [3392] WARNING:  worker took too long to start; canceled
2021-01-19 14:55:48.056 -03 [3392] WARNING:  worker took too long to start; canceled
2021-01-19 14:57:18.092 -03 [3392] WARNING:  worker took too long to start; canceled
2021-01-19 14:58:18.126 -03 [3392] WARNING:  worker took too long to start; canceled
2021-01-19 14:59:18.247 -03 [3392] WARNING:  worker took too long to start; canceled
2021-01-19 15:00:48.193 -03 [3392] WARNING:  worker took too long to start; canceled
2021-01-19 15:02:18.337 -03 [3392] WARNING:  worker took too long to start; canceled
2021-01-19 15:03:48.282 -03 [3392] WARNING:  worker took too long to start; canceled
2021-01-19 15:05:48.373 -03 [3392] WARNING:  worker took too long to start; canceled
2021-01-19 15:06:48.489 -03 [3392] WARNING:  worker took too long to start; canceled
2021-01-19 15:08:18.430 -03 [3392] WARNING:  worker took too long to start; canceled
2021-01-19 15:09:18.456 -03 [3392] WARNING:  worker took too long to start; canceled
2021-01-19 15:10:18.491 -03 [3392] WARNING:  worker took too long to start; canceled
2021-01-19 15:11:18.514 -03 [3392] WARNING:  worker took too long to start; canceled
2021-01-19 15:12:18.542 -03 [3392] WARNING:  worker took too long to start; canceled
2021-01-19 15:13:48.582 -03 [3392] WARNING:  worker took too long to start; canceled
2021-01-19 15:14:48.604 -03 [3392] WARNING:  worker took too long to start; canceled
2021-01-19 15:15:48.644 -03 [3392] WARNING:  worker took too long to start; canceled
2021-01-19 15:16:48.658 -03 [3392] WARNING:  worker took too long to start; canceled
2021-01-19 15:17:48.687 -03 [3392] WARNING:  worker took too long to start; canceled
2021-01-19 15:18:48.708 -03 [3392] WARNING:  worker took too long to start; canceled
2021-01-19 15:19:48.731 -03 [3392] WARNING:  worker took too long to start; canceled
2021-01-19 15:20:48.758 -03 [3392] WARNING:  worker took too long to start; canceled
2021-01-19 15:21:48.788 -03 [3392] WARNING:  worker took too long to start; canceled
2021-01-19 15:22:48.810 -03 [3392] WARNING:  worker took too long to start; canceled
2021-01-19 15:24:48.871 -03 [3392] WARNING:  worker took too long to start; canceled
2021-01-19 15:25:48.890 -03 [3392] WARNING:  worker took too long to start; canceled
2021-01-19 15:27:18.938 -03 [3392] WARNING:  worker took too long to start; canceled
2021-01-19 15:28:18.963 -03 [3392] WARNING:  worker took too long to start; canceled
2021-01-19 15:29:18.982 -03 [3392] WARNING:  worker took too long to start; canceled
2021-01-19 15:30:18.999 -03 [3392] WARNING:  worker took too long to start; canceled
2021-01-19 15:31:19.133 -03 [3392] WARNING:  worker took too long to start; canceled
2021-01-19 15:32:49.076 -03 [3392] WARNING:  worker took too long to start; canceled
2021-01-19 15:33:49.095 -03 [3392] WARNING:  worker took too long to start; canceled
2021-01-19 15:34:49.137 -03 [3392] WARNING:  worker took too long to start; canceled
2021-01-19 15:35:49.251 -03 [3392] WARNING:  worker took too long to start; canceled
2021-01-19 15:36:49.284 -03 [3392] WARNING:  worker took too long to start; canceled
2021-01-19 15:37:49.306 -03 [3392] WARNING:  worker took too long to start; canceled
2021-01-19 15:38:49.326 -03 [3392] WARNING:  worker took too long to start; canceled
2021-01-19 15:39:49.352 -03 [3392] WARNING:  worker took too long to start; canceled
2021-01-19 15:41:19.412 -03 [3392] WARNING:  worker took too long to start; canceled
2021-01-19 15:42:19.438 -03 [3392] WARNING:  worker took too long to start; canceled
2021-01-19 15:43:19.471 -03 [3392] WARNING:  worker took too long to start; canceled
2021-01-19 15:44:49.510 -03 [3392] WARNING:  worker took too long to start; canceled
2021-01-19 15:46:19.565 -03 [3392] WARNING:  worker took too long to start; canceled
2021-01-19 15:47:19.599 -03 [3392] WARNING:  worker took too long to start; canceled
2021-01-19 15:48:49.645 -03 [3392] WARNING:  worker took too long to start; canceled
2021-01-19 15:49:49.672 -03 [3392] WARNING:  worker took too long to start; canceled
2021-01-19 15:50:49.697 -03 [3392] WARNING:  worker took too long to start; canceled
2021-01-19 15:51:49.739 -03 [3392] WARNING:  worker took too long to start; canceled
2021-01-19 15:52:49.766 -03 [3392] WARNING:  worker took too long to start; canceled
2021-01-19 15:53:49.814 -03 [3392] WARNING:  worker took too long to start; canceled
2021-01-19 15:55:19.863 -03 [3392] WARNING:  worker took too long to start; canceled
2021-01-19 15:56:49.902 -03 [3392] WARNING:  worker took too long to start; canceled
2021-01-19 15:57:49.927 -03 [3392] WARNING:  worker took too long to start; canceled
2021-01-19 15:58:49.952 -03 [3392] WARNING:  worker took too long to start; canceled
2021-01-19 15:59:50.078 -03 [3392] WARNING:  worker took too long to start; canceled
2021-01-19 16:01:20.025 -03 [3392] WARNING:  worker took too long to start; canceled
2021-01-19 16:02:50.056 -03 [3392] WARNING:  worker took too long to start; canceled
2021-01-19 16:03:50.188 -03 [3392] WARNING:  worker took too long to start; canceled
2021-01-19 16:04:50.222 -03 [3392] WARNING:  worker took too long to start; canceled
2021-01-19 16:05:50.240 -03 [3392] WARNING:  worker took too long to start; canceled
2021-01-19 16:07:20.274 -03 [3392] WARNING:  worker took too long to start; canceled
2021-01-19 16:08:20.296 -03 [3392] WARNING:  worker took too long to start; canceled
2021-01-19 16:09:20.322 -03 [3392] WARNING:  worker took too long to start; canceled
2021-01-19 16:10:20.362 -03 [3392] WARNING:  worker took too long to start; canceled
2021-01-19 16:11:50.401 -03 [3392] WARNING:  worker took too long to start; canceled
2021-01-19 16:12:50.513 -03 [3392] WARNING:  worker took too long to start; canceled
2021-01-19 16:14:20.465 -03 [3392] WARNING:  worker took too long to start; canceled
2021-01-19 16:15:20.488 -03 [3392] WARNING:  worker took too long to start; canceled
2021-01-19 16:16:20.513 -03 [3392] WARNING:  worker took too long to start; canceled
2021-01-19 16:17:20.544 -03 [3392] WARNING:  worker took too long to start; canceled
2021-01-19 16:18:20.563 -03 [3392] WARNING:  worker took too long to start; canceled
2021-01-19 16:19:50.597 -03 [3392] WARNING:  worker took too long to start; canceled
2021-01-19 16:20:50.633 -03 [3392] WARNING:  worker took too long to start; canceled
2021-01-19 16:21:50.662 -03 [3392] WARNING:  worker took too long to start; canceled
2021-01-19 16:22:50.781 -03 [3392] WARNING:  worker took too long to start; canceled
2021-01-19 16:23:50.802 -03 [3392] WARNING:  worker took too long to start; canceled
2021-01-19 16:24:50.828 -03 [3392] WARNING:  worker took too long to start; canceled
2021-01-19 16:25:50.856 -03 [3392] WARNING:  worker took too long to start; canceled
2021-01-19 16:26:50.882 -03 [3392] WARNING:  worker took too long to start; canceled
2021-01-19 16:27:50.916 -03 [3392] WARNING:  worker took too long to start; canceled
2021-01-19 16:28:50.935 -03 [3392] WARNING:  worker took too long to start; canceled
2021-01-19 16:29:50.960 -03 [3392] WARNING:  worker took too long to start; canceled
2021-01-19 16:30:51.083 -03 [3392] WARNING:  worker took too long to start; canceled
2021-01-19 16:31:51.107 -03 [3392] WARNING:  worker took too long to start; canceled
2021-01-19 16:32:51.135 -03 [3392] WARNING:  worker took too long to start; canceled
2021-01-19 16:34:21.166 -03 [3392] WARNING:  worker took too long to start; canceled
2021-01-19 16:35:21.300 -03 [3392] WARNING:  worker took too long to start; canceled
2021-01-19 16:36:21.330 -03 [3392] WARNING:  worker took too long to start; canceled
2021-01-19 16:37:51.373 -03 [3392] WARNING:  worker took too long to start; canceled
2021-01-19 16:39:21.409 -03 [3392] WARNING:  worker took too long to start; canceled
2021-01-19 16:40:21.436 -03 [3392] WARNING:  worker took too long to start; canceled
2021-01-19 16:41:21.462 -03 [3392] WARNING:  worker took too long to start; canceled
2021-01-19 16:42:21.480 -03 [3392] WARNING:  worker took too long to start; canceled
2021-01-19 16:43:21.507 -03 [3392] WARNING:  worker took too long to start; canceled
2021-01-19 16:44:21.539 -03 [3392] WARNING:  worker took too long to start; canceled
2021-01-19 16:45:21.563 -03 [3392] WARNING:  worker took too long to start; canceled
2021-01-19 16:46:51.605 -03 [3392] WARNING:  worker took too long to start; canceled
2021-01-19 16:47:51.630 -03 [3392] WARNING:  worker took too long to start; canceled
2021-01-19 16:48:51.662 -03 [3392] WARNING:  worker took too long to start; canceled
2021-01-19 16:49:51.687 -03 [3392] WARNING:  worker took too long to start; canceled
2021-01-19 16:50:51.802 -03 [3392] WARNING:  worker took too long to start; canceled
2021-01-19 16:51:51.934 -03 [3392] WARNING:  worker took too long to start; canceled
2021-01-19 16:52:51.948 -03 [3392] WARNING:  worker took too long to start; canceled
2021-01-19 16:54:21.992 -03 [3392] WARNING:  worker took too long to start; canceled
2021-01-19 16:55:52.039 -03 [3392] WARNING:  worker took too long to start; canceled
2021-01-19 16:56:52.064 -03 [3392] WARNING:  worker took too long to start; canceled
2021-01-19 16:57:52.183 -03 [3392] WARNING:  worker took too long to start; canceled
2021-01-19 16:59:22.126 -03 [3392] WARNING:  worker took too long to start; canceled
2021-01-19 17:00:52.160 -03 [3392] WARNING:  worker took too long to start; canceled
2021-01-19 17:02:22.205 -03 [3392] WARNING:  worker took too long to start; canceled
2021-01-19 17:03:22.232 -03 [3392] WARNING:  worker took too long to start; canceled
2021-01-19 17:04:22.248 -03 [3392] WARNING:  worker took too long to start; canceled
2021-01-19 17:05:52.298 -03 [3392] WARNING:  worker took too long to start; canceled
2021-01-19 17:06:52.314 -03 [3392] WARNING:  worker took too long to start; canceled
2021-01-19 17:07:52.348 -03 [3392] WARNING:  worker took too long to start; canceled
2021-01-19 17:08:52.379 -03 [3392] WARNING:  worker took too long to start; canceled
2021-01-19 17:09:52.395 -03 [3392] WARNING:  worker took too long to start; canceled
2021-01-19 17:10:52.414 -03 [3392] WARNING:  worker took too long to start; canceled
2021-01-19 17:11:52.438 -03 [3392] WARNING:  worker took too long to start; canceled
2021-01-19 17:13:22.470 -03 [3392] WARNING:  worker took too long to start; canceled
2021-01-19 17:14:52.541 -03 [3392] WARNING:  worker took too long to start; canceled
2021-01-19 17:16:22.596 -03 [3392] WARNING:  worker took too long to start; canceled
2021-01-19 17:17:52.642 -03 [3392] WARNING:  worker took too long to start; canceled
2021-01-19 17:18:52.666 -03 [3392] WARNING:  worker took too long to start; canceled
2021-01-19 17:19:52.693 -03 [3392] WARNING:  worker took too long to start; canceled
2021-01-19 17:20:52.721 -03 [3392] WARNING:  worker took too long to start; canceled
2021-01-19 17:21:52.743 -03 [3392] WARNING:  worker took too long to start; canceled
2021-01-19 17:22:52.865 -03 [3392] WARNING:  worker took too long to start; canceled
2021-01-19 17:23:52.888 -03 [3392] WARNING:  worker took too long to start; canceled
2021-01-19 17:24:52.907 -03 [3392] WARNING:  worker took too long to start; canceled
2021-01-19 17:25:52.931 -03 [3392] WARNING:  worker took too long to start; canceled
2021-01-19 17:26:52.953 -03 [3392] WARNING:  worker took too long to start; canceled
2021-01-19 17:27:52.983 -03 [3392] WARNING:  worker took too long to start; canceled
2021-01-19 17:28:53.024 -03 [3392] WARNING:  worker took too long to start; canceled
2021-01-19 17:30:23.055 -03 [3392] WARNING:  worker took too long to start; canceled
2021-01-19 17:31:53.113 -03 [3392] WARNING:  worker took too long to start; canceled
2021-01-19 17:32:53.130 -03 [3392] WARNING:  worker took too long to start; canceled
2021-01-19 17:33:53.161 -03 [3392] WARNING:  worker took too long to start; canceled
2021-01-19 17:34:53.191 -03 [3392] WARNING:  worker took too long to start; canceled
2021-01-19 17:35:53.222 -03 [3392] WARNING:  worker took too long to start; canceled
2021-01-19 17:36:53.247 -03 [3392] WARNING:  worker took too long to start; canceled
2021-01-19 17:37:53.268 -03 [3392] WARNING:  worker took too long to start; canceled
2021-01-19 17:38:53.293 -03 [3392] WARNING:  worker took too long to start; canceled
2021-01-19 17:40:23.324 -03 [3392] WARNING:  worker took too long to start; canceled
2021-01-19 17:41:53.371 -03 [3392] WARNING:  worker took too long to start; canceled
2021-01-19 17:43:23.425 -03 [3392] WARNING:  worker took too long to start; canceled
2021-01-19 17:44:53.480 -03 [3392] WARNING:  worker took too long to start; canceled
2021-01-19 17:45:53.505 -03 [3392] WARNING:  worker took too long to start; canceled
2021-01-19 17:46:53.536 -03 [3392] WARNING:  worker took too long to start; canceled
2021-01-19 17:47:53.662 -03 [3392] WARNING:  worker took too long to start; canceled
2021-01-19 17:48:53.789 -03 [3392] WARNING:  worker took too long to start; canceled
2021-01-19 17:49:53.809 -03 [3392] WARNING:  worker took too long to start; canceled
2021-01-19 17:50:53.831 -03 [3392] WARNING:  worker took too long to start; canceled
2021-01-19 17:51:53.865 -03 [3392] WARNING:  worker took too long to start; canceled
2021-01-19 17:52:53.882 -03 [3392] WARNING:  worker took too long to start; canceled
2021-01-19 17:53:53.920 -03 [3392] WARNING:  worker took too long to start; canceled
2021-01-19 17:54:53.954 -03 [3392] WARNING:  worker took too long to start; canceled
2021-01-19 17:56:23.995 -03 [3392] WARNING:  worker took too long to start; canceled
2021-01-19 17:57:24.123 -03 [3392] WARNING:  worker took too long to start; canceled
2021-01-19 17:58:24.238 -03 [3392] WARNING:  worker took too long to start; canceled
2021-01-19 17:59:13.441 -03 [2164] LOG:  could not receive data from client: An existing connection was forcibly closed by the remote host.
	
2021-01-19 17:59:13.441 -03 [1144] LOG:  could not receive data from client: An existing connection was forcibly closed by the remote host.
	
