***  Installation Started 04/27/2007 14:40  ***
Title: DX7  Installation
Source: J:\D.O.E\Dx7\dx7-trial.exe | 01-21-2006 | 13:35:42 | 14581072
INI File: J:\D.O.E\Dx7\CUSTDATA.INI
INI Sect: Registration
INI Item: FirstName
INI Val: TIME
INI File: J:\D.O.E\Dx7\CUSTDATA.INI
INI Sect: Registration
INI Item: LastName
INI Val: LIMITED
INI File: J:\D.O.E\Dx7\CUSTDATA.INI
INI Sect: Registration
INI Item: Company
INI Val: CUSTOMER
INI File: J:\D.O.E\Dx7\CUSTDATA.INI
INI Sect: Registration
INI Item: SerialNo
INI Val: STUDENT
INI File: J:\D.O.E\Dx7\CUSTDATA.INI
INI Sect: Registration
INI Item: License
INI Val: Trial version for EVALUATION ONLY
INI File: J:\D.O.E\Dx7\CUSTDATA.INI
INI Sect: Registration
INI Item: Application
INI Val: Design-Expert 7.0.0 Trial 
INI File: J:\D.O.E\Dx7\CUSTDATA.INI
INI Sect: Network
INI Item: DeleteBeforeSave
INI Val: 1
INI File: J:\D.O.E\Dx7\CUSTDATA.INI
INI Sect: Splash
INI Item: SplashBMP
INI Val: none
INI File: J:\D.O.E\Dx7\CUSTDATA.INI
INI Sect: Splash
INI Item: SplashTime
INI Val: 5
INI Old: 0
INI File: J:\D.O.E\Dx7\CUSTDATA.INI
INI Sect: Installation
INI Item: IncludeMKL
INI Val: 1
File Copy: J:\D.O.E\Dx7\DX7Trial.EXE | 10-31-2005 | 13:16:54 | 7.0.1.0 | 2788864 | 1f43969c
File Copy: J:\D.O.E\Dx7\DX7trial.lf | 10-24-2005 | 08:41:02 | | 3120 | bf170acf
File Copy: J:\D.O.E\Dx7\DX7trial.bmp | 09-21-2004 | 11:50:38 | | 12344 | 85f9b7ce
File Copy: J:\D.O.E\Dx7\user.ini | 04-20-2005 | 09:37:42 | | 3120 | 56d9c095
File Copy: J:\D.O.E\Dx7\DX7helpfile.chm | 08-28-2005 | 20:05:16 | | 1933514 | 767c25f9
File Copy: J:\D.O.E\Dx7\Read_Me.htm | 10-06-2005 | 08:47:18 | | 26744 | bc25aedc
File Copy: J:\D.O.E\Dx7\MFC42.DLL | 08-04-2004 | 01:56:42 | 6.2.4131.0 | 1028096 | f319cd87
File Copy: J:\D.O.E\Dx7\MSVCP60.DLL | 08-04-2004 | 01:56:44 | 6.2.3104.0 | 413696 | cf40e5c3
File Copy: J:\D.O.E\Dx7\MSVCRT.DLL | 08-04-2004 | 01:56:44 | 7.0.2600.2180 | 343040 | 5298c0c5
File Copy: J:\D.O.E\Dx7\CsHtml.dll | 06-10-1999 | 16:34:04 | 3.0.48.0 | 43520 | 4a2f8be9
File Copy: J:\D.O.E\Dx7\HHActiveX.dll | 11-04-2004 | 08:54:04 | 13.10.801.0 | 471040 | d9fc9a8d
File Copy: J:\D.O.E\Dx7\KEYLIB32.dll | 10-22-2004 | 14:10:36 | 4.2.1.9 | 128000 | 42628e9d
File Copy: J:\D.O.E\Dx7\SKCA32.dll | 10-22-2004 | 14:10:44 | 4.2.1.9 | 112640 | 5d388dce
File Copy: J:\D.O.E\Dx7\MACHNM1.EXE | 08-20-1996 | 20:37:20 | | 15840 | 69db351e
File Copy: J:\D.O.E\Dx7\machnm32.sys | 08-13-2003 | 00:27:00 | | 2304 | 6834da58
File Copy: J:\D.O.E\Dx7\libguide40.dll | 03-18-2005 | 07:27:18 | 4.0.2004.625 | 188416 | 517269ed
File Copy: J:\D.O.E\Dx7\mkl_def.dll | 03-18-2005 | 07:27:20 | 7.2.0.0 | 2269184 | 6977220e
File Copy: J:\D.O.E\Dx7\mkl_lapack32.dll | 03-18-2005 | 07:27:20 | 7.2.0.0 | 2269184 | 1fad878f
File Copy: J:\D.O.E\Dx7\mkl_lapack64.dll | 03-18-2005 | 07:27:22 | 7.2.0.0 | 2248704 | 584eb7b8
File Copy: J:\D.O.E\Dx7\mkl_p3.dll | 03-18-2005 | 07:27:24 | 7.2.0.0 | 2752512 | a669c6b2
File Copy: J:\D.O.E\Dx7\mkl_p4.dll | 03-18-2005 | 07:27:24 | 7.2.0.0 | 3473408 | 54e83dad
File Copy: J:\D.O.E\Dx7\mkl_p4p.dll | 03-18-2005 | 07:27:26 | 7.2.0.0 | 3358720 | 9fa0f733
File Copy: J:\D.O.E\Dx7\mkl_support.dll | 07-29-2002 | 13:36:50 | | 413696 | 3721d619
File Copy: J:\D.O.E\Dx7\mkl_vml_def.dll | 03-18-2005 | 07:27:26 | 7.2.0.0 | 507904 | 1b7c7c6b
File Copy: J:\D.O.E\Dx7\mkl_vml_p3.dll | 03-18-2005 | 07:27:26 | 7.2.0.0 | 524288 | 5d9cbc2d
File Copy: J:\D.O.E\Dx7\mkl_vml_p4.dll | 03-18-2005 | 07:27:28 | 7.2.0.0 | 954368 | 6a9d31e
File Copy: J:\D.O.E\Dx7\mkl_vml_p4p.dll | 03-18-2005 | 07:27:28 | 7.2.0.0 | 954368 | 961f9f90
Made Dir: J:\D.O.E\Dx7\DX7 data
File Copy: J:\D.O.E\Dx7\DX7 data\Battery.sim | 12-09-2005 | 15:22:38 | | 863 | f61ab14d
File Copy: J:\D.O.E\Dx7\DX7 data\Biker-a.dx7 | 01-11-2006 | 16:02:54 | | 14355 | b5a05e77
File Copy: J:\D.O.E\Dx7\DX7 data\Biker.dx7 | 01-11-2006 | 11:57:54 | | 14115 | 1f883bd0
File Copy: J:\D.O.E\Dx7\DX7 data\Filtrate.sim | 12-09-2005 | 15:22:46 | | 887 | a5cec2d1
File Copy: J:\D.O.E\Dx7\DX7 data\Fish Patties.sim | 12-09-2005 | 15:22:56 | | 1729 | cda36bc
File Copy: J:\D.O.E\Dx7\DX7 data\Longley.dx7 | 01-06-2004 | 15:41:36 | | 15242 | 6979d7f
File Copy: J:\D.O.E\Dx7\DX7 data\Mix-a.dx7 | 05-01-2005 | 07:01:52 | | 6547 | 2089765c
File Copy: J:\D.O.E\Dx7\DX7 data\Mix.dx7 | 09-22-2004 | 17:51:34 | | 7400 | 692bea9b
File Copy: J:\D.O.E\Dx7\DX7 data\Newfish d-opt.dx7 | 05-20-2005 | 07:52:34 | | 23405 | 21799fcc
File Copy: J:\D.O.E\Dx7\DX7 data\Paper.dx7 | 12-28-2005 | 12:34:16 | | 8783 | a7748ae0
File Copy: J:\D.O.E\Dx7\DX7 data\Peel.dx7 | 04-21-2005 | 11:39:24 | | 9867 | 176213f2
File Copy: J:\D.O.E\Dx7\DX7 data\Plasma.dx7 | 01-01-2006 | 13:47:52 | | 11632 | ef2cec1e
File Copy: J:\D.O.E\Dx7\DX7 data\Purity.dx7 | 12-28-2005 | 15:49:00 | | 6532 | 1f4ef175
File Copy: J:\D.O.E\Dx7\DX7 data\RSM-a.dx7 | 03-03-2005 | 10:31:52 | | 9722 | 92783d70
File Copy: J:\D.O.E\Dx7\DX7 data\RSM.dx7 | 04-15-2005 | 13:40:26 | | 8644 | 7337a077
Made Dir: J:\D.O.E\Dx7\DTD
File Copy: J:\D.O.E\Dx7\DTD\Anova.dtd | 12-06-2002 | 12:47:56 | | 4054 | 14f023a3
File Copy: J:\D.O.E\Dx7\DTD\ColumnInfo.dtd | 06-27-2003 | 09:26:20 | | 570 | 355bf477
File Copy: J:\D.O.E\Dx7\DTD\Constraints.dtd | 06-26-2003 | 10:13:38 | | 490 | 355c2819
File Copy: J:\D.O.E\Dx7\DTD\CriteriaGraphic.dtd | 08-06-2003 | 14:24:34 | | 753 | 269bc62a
File Copy: J:\D.O.E\Dx7\DTD\CriteriaNumeric.dtd | 08-06-2003 | 07:58:08 | | 1253 | f5253231
File Copy: J:\D.O.E\Dx7\DTD\DesignLayout.dtd | 03-03-2005 | 15:41:24 | | 724 | ebd208a
File Copy: J:\D.O.E\Dx7\DTD\dex7XmlDoc.dtd | 08-30-2005 | 08:01:16 | | 8827 | bd694eef
File Copy: J:\D.O.E\Dx7\DTD\Diagnostics.dtd | 03-03-2005 | 15:31:10 | | 1257 | 93052e01
File Copy: J:\D.O.E\Dx7\DTD\Evaluation.dtd | 08-04-2003 | 14:31:04 | | 1660 | 8f34fee1
File Copy: J:\D.O.E\Dx7\DTD\FitSummary.dtd | 03-16-2005 | 14:08:08 | | 1703 | c29a8124
File Copy: J:\D.O.E\Dx7\DTD\PointPreditcion.dtd | 08-06-2003 | 14:22:56 | | 1335 | 52b78e8e
File Copy: J:\D.O.E\Dx7\DTD\SolutionsNumeric.dtd | 03-07-2005 | 14:16:54 | | 1886 | 3183ebe5
File Copy: J:\D.O.E\Dx7\DTD\xmlScript.dtd | 05-09-2005 | 14:28:14 | | 642 | cc630656
File Copy: J:\D.O.E\Dx7\UNWISE.EXE | 09-28-2001 | 16:00:28 | | 164864 | acd7a536
RegDB Key: Software\Microsoft\Windows\CurrentVersion\Uninstall\Design-Expert 7.0.0 Trial 
RegDB Val: Design-Expert 7.0.0 Trial 
RegDB Name: DisplayName
RegDB Root: 2
RegDB Key: Software\Microsoft\Windows\CurrentVersion\Uninstall\Design-Expert 7.0.0 Trial 
RegDB Val: J:\DO2ADF~1.E\Dx7\UNWISE.EXE J:\DO2ADF~1.E\Dx7\INSTALL.LOG
RegDB Name: UninstallString
RegDB Root: 2
Made Dir: C:\Documents and Settings\All Users\Start Menu\Programs\Stat-Ease
Shell Link: C:\Documents and Settings\All Users\Start Menu\Programs\Stat-Ease\Design-Expert 7.0.0 Trial .lnk
Link Info: J:\D.O.E\Dx7\DX7Trial.EXE | J:\D.O.E\Dx7 | J:\D.O.E\Dx7\DX7Trial.EXE | 0 | 1 | 0 | 
Shell Link: C:\Documents and Settings\All Users\Start Menu\Programs\Stat-Ease\Design-Expert 7.0.0 Trial  data.lnk
Link Info: J:\D.O.E\Dx7\DX7 data |  |  | 0 | 1 | 0 | 
Shell Link: C:\Documents and Settings\All Users\Start Menu\Programs\Stat-Ease\DX7 Read Me.lnk
Link Info: J:\D.O.E\Dx7\Read_Me.htm |  |  | 0 | 1 | 1537 | 
Shell Link: C:\Documents and Settings\All Users\Start Menu\Programs\Stat-Ease\Uninstall Design-Expert 7.0.0 Trial .lnk
Link Info: J:\D.O.E\Dx7\UNWISE.EXE |  |  | 0 | 1 | 1537 | 
RegDB Key: SOFTWARE\Stat-Ease\Design-Expert 7 Trial
RegDB Val: J:\D.O.E\Dx7
RegDB Name: Path
RegDB Root: 2
RegDB Key: SOFTWARE\Stat-Ease\Design-Expert 7 Trial
RegDB Val: 0.0
RegDB Name: Version
RegDB Root: 2
RegDB Key: SOFTWARE\Stat-Ease\Design-Expert 7 Trial
RegDB Val: DX7Trial
RegDB Name: Exe
RegDB Root: 2
Self-Register: J:\D.O.E\Dx7\MFC42.DLL
Could not Self-Register: J:\D.O.E\Dx7\MSVCP60.DLL
Could not Self-Register: J:\D.O.E\Dx7\MSVCRT.DLL
Could not Self-Register: J:\D.O.E\Dx7\CsHtml.dll
Self-Register: J:\D.O.E\Dx7\HHActiveX.dll
RegDB Key: .DX7
RegDB Val: DX7.Document
RegDB Key: DX7.Document
RegDB Val: Design-Expert 7 Document
RegDB Key: DX7.Document\shell\open\command
RegDB Val: "J:\D.O.E\Dx7\DX7Trial.EXE" "%1"
RegDB Key: Software\Microsoft\Windows\CurrentVersion\Uninstall\Design-Expert 7.0.0 Trial 
RegDB Val: 7.0.0
RegDB Name: DisplayVersion
RegDB Root: 2
RegDB Key: Software\Microsoft\Windows\CurrentVersion\Uninstall\Design-Expert 7.0.0 Trial 
RegDB Val: 712.378.9449
RegDB Name: HelpTelephone
RegDB Root: 2
RegDB Key: Software\Microsoft\Windows\CurrentVersion\Uninstall\Design-Expert 7.0.0 Trial 
RegDB Val: Stat-Ease, Inc.
RegDB Name: Publisher
RegDB Root: 2
RegDB Key: Software\Microsoft\Windows\CurrentVersion\Uninstall\Design-Expert 7.0.0 Trial 
RegDB Val: http://www.statease.com
RegDB Name: URLInfoAbout
RegDB Root: 2
RegDB Key: Software\Microsoft\Windows\CurrentVersion\Uninstall\Design-Expert 7.0.0 Trial 
RegDB Val: http://www.statease.com/soft_ftp.html
RegDB Name: HelpLink
RegDB Root: 2
User Rights: Admin
